<?xml version="1.0" encoding="UTF-8"?>
<!-- Generated by org.testng.reporters.JUnitReportReporter -->
<testsuite skipped="3" hostname="LAPTOP-U7EES6NV" name="com.webtest.xinhu_personal.Addnotice_time" tests="3" failures="0" timestamp="12 十二月 2018 07:00:01 GMT" time="0.000" errors="0">
  <testcase name="enterNotice" time="0.000" classname="com.webtest.xinhu_personal.Addnotice_time">
    <skipped/>
  </testcase> <!-- enterNotice -->
  <testcase name="testTime" time="0.000" classname="com.webtest.xinhu_personal.Addnotice_time">
    <skipped/>
  </testcase> <!-- testTime -->
  <testcase name="login4" time="0.000" classname="com.webtest.xinhu_personal.Addnotice_time">
    <skipped/>
  </testcase> <!-- login4 -->
</testsuite> <!-- com.webtest.xinhu_personal.Addnotice_time -->
