<?xml version="1.0" encoding="UTF-8"?>
<!-- Generated by org.testng.reporters.JUnitReportReporter -->
<testsuite skipped="3" hostname="LAPTOP-U7EES6NV" name="com.webtest.xinhu_personal.Login" tests="3" failures="0" timestamp="12 十二月 2018 07:00:01 GMT" time="0.000" errors="0">
  <testcase name="openBrower" time="0.000" classname="com.webtest.xinhu_personal.Login">
    <skipped/>
  </testcase> <!-- openBrower -->
  <testcase name="login" time="0.000" classname="com.webtest.xinhu_personal.Login">
    <skipped/>
  </testcase> <!-- login -->
  <testcase name="loginsuccess" time="0.000" classname="com.webtest.xinhu_personal.Login">
    <skipped/>
  </testcase> <!-- loginsuccess -->
</testsuite> <!-- com.webtest.xinhu_personal.Login -->
