<?xml version="1.0" encoding="UTF-8"?>
<!-- Generated by org.testng.reporters.JUnitReportReporter -->
<testsuite skipped="1" hostname="LAPTOP-U7EES6NV" name="com.webtest.personnel.personnal_files.File_Subscript_Test" tests="1" failures="0" timestamp="12 十二月 2018 07:09:27 GMT" time="0.000" errors="0">
  <testcase name="testSubscript" time="0.000" classname="com.webtest.personnel.personnal_files.File_Subscript_Test">
    <skipped/>
  </testcase> <!-- testSubscript -->
</testsuite> <!-- com.webtest.personnel.personnal_files.File_Subscript_Test -->
