<?xml version="1.0" encoding="UTF-8"?>
<!-- Generated by org.testng.reporters.JUnitReportReporter -->
<testsuite skipped="2" hostname="LAPTOP-U7EES6NV" name="com.webtest.liucheng.test3" tests="2" failures="0" timestamp="12 十二月 2018 07:00:01 GMT" time="0.000" errors="0">
  <testcase name="test1" time="0.000" classname="com.webtest.liucheng.test3">
    <skipped/>
  </testcase> <!-- test1 -->
  <testcase name="test2" time="0.000" classname="com.webtest.liucheng.test3">
    <skipped/>
  </testcase> <!-- test2 -->
</testsuite> <!-- com.webtest.liucheng.test3 -->
