<?xml version="1.0" encoding="UTF-8"?>
<!-- Generated by org.testng.reporters.JUnitReportReporter -->
<testsuite skipped="1" hostname="LAPTOP-U7EES6NV" name="com.webtest.customer.test.NewCustomer_test" tests="1" failures="0" timestamp="12 十二月 2018 07:00:01 GMT" time="0.000" errors="0">
  <testcase name="addCustomer" time="0.000" classname="com.webtest.customer.test.NewCustomer_test">
    <skipped/>
  </testcase> <!-- addCustomer -->
</testsuite> <!-- com.webtest.customer.test.NewCustomer_test -->
