<?xml version="1.0" encoding="UTF-8"?>
<!-- Generated by org.testng.reporters.JUnitReportReporter -->
<testsuite skipped="1" hostname="LAPTOP-U7EES6NV" name="com.webtest.liucheng.test1" tests="1" failures="0" timestamp="12 十二月 2018 07:09:27 GMT" time="0.000" errors="0">
  <testcase name="testT" time="0.000" classname="com.webtest.liucheng.test1">
    <skipped/>
  </testcase> <!-- testT -->
</testsuite> <!-- com.webtest.liucheng.test1 -->
