<?xml version="1.0" encoding="UTF-8"?>
<!-- Generated by org.testng.reporters.JUnitReportReporter -->
<testsuite skipped="3" hostname="LAPTOP-U7EES6NV" name="com.webtest.xinhu_personal.Addnotice" tests="3" failures="0" timestamp="12 十二月 2018 07:00:01 GMT" time="0.000" errors="0">
  <testcase name="addNotice" time="0.000" classname="com.webtest.xinhu_personal.Addnotice">
    <skipped/>
  </testcase> <!-- addNotice -->
  <testcase name="login2" time="0.000" classname="com.webtest.xinhu_personal.Addnotice">
    <skipped/>
  </testcase> <!-- login2 -->
  <testcase name="enterNotice" time="0.000" classname="com.webtest.xinhu_personal.Addnotice">
    <skipped/>
  </testcase> <!-- enterNotice -->
</testsuite> <!-- com.webtest.xinhu_personal.Addnotice -->
