<?xml version="1.0" encoding="UTF-8"?>
<!-- Generated by org.testng.reporters.JUnitReportReporter -->
<testsuite skipped="5" hostname="LAPTOP-U7EES6NV" name="com.webtest.customer.test.HighSearch_test" tests="5" failures="0" timestamp="12 十二月 2018 07:00:01 GMT" time="0.000" errors="0">
  <testcase name="type" time="0.000" classname="com.webtest.customer.test.HighSearch_test">
    <skipped/>
  </testcase> <!-- type -->
  <testcase name="moneyz" time="0.000" classname="com.webtest.customer.test.HighSearch_test">
    <skipped/>
  </testcase> <!-- moneyz -->
  <testcase name="custname" time="0.000" classname="com.webtest.customer.test.HighSearch_test">
    <skipped/>
  </testcase> <!-- custname -->
  <testcase name="mobile" time="0.000" classname="com.webtest.customer.test.HighSearch_test">
    <skipped/>
  </testcase> <!-- mobile -->
  <testcase name="htshu" time="0.000" classname="com.webtest.customer.test.HighSearch_test">
    <skipped/>
  </testcase> <!-- htshu -->
</testsuite> <!-- com.webtest.customer.test.HighSearch_test -->
