<?xml version="1.0" encoding="UTF-8"?>
<!-- Generated by org.testng.reporters.JUnitReportReporter -->
<testsuite skipped="5" hostname="LAPTOP-U7EES6NV" name="com.webtest.customer.test.CaoZuo_test" tests="5" failures="0" timestamp="12 十二月 2018 07:09:27 GMT" time="0.000" errors="0">
  <testcase name="detil" time="0.000" classname="com.webtest.customer.test.CaoZuo_test">
    <skipped/>
  </testcase> <!-- detil -->
  <testcase name="addReminSetting" time="0.000" classname="com.webtest.customer.test.CaoZuo_test">
    <skipped/>
  </testcase> <!-- addReminSetting -->
  <testcase name="delete" time="0.000" classname="com.webtest.customer.test.CaoZuo_test">
    <skipped/>
  </testcase> <!-- delete -->
  <testcase name="addReminSetting" time="0.000" classname="com.webtest.customer.test.CaoZuo_test">
    <skipped/>
  </testcase> <!-- addReminSetting -->
  <testcase name="share" time="0.000" classname="com.webtest.customer.test.CaoZuo_test">
    <skipped/>
  </testcase> <!-- share -->
</testsuite> <!-- com.webtest.customer.test.CaoZuo_test -->
