<?xml version="1.0" encoding="UTF-8"?>
<!-- Generated by org.testng.reporters.JUnitReportReporter -->
<testsuite skipped="5" hostname="LAPTOP-U7EES6NV" name="com.webtest.xingzheng.TestPart1_wupin" tests="5" failures="0" timestamp="12 十二月 2018 07:09:27 GMT" time="0.000" errors="0">
  <testcase name="test_a5" time="0.000" classname="com.webtest.xingzheng.TestPart1_wupin">
    <skipped/>
  </testcase> <!-- test_a5 -->
  <testcase name="test_a1" time="0.000" classname="com.webtest.xingzheng.TestPart1_wupin">
    <skipped/>
  </testcase> <!-- test_a1 -->
  <testcase name="test_a2" time="0.000" classname="com.webtest.xingzheng.TestPart1_wupin">
    <skipped/>
  </testcase> <!-- test_a2 -->
  <testcase name="test_a4" time="0.000" classname="com.webtest.xingzheng.TestPart1_wupin">
    <skipped/>
  </testcase> <!-- test_a4 -->
  <testcase name="test_a3" time="0.000" classname="com.webtest.xingzheng.TestPart1_wupin">
    <skipped/>
  </testcase> <!-- test_a3 -->
</testsuite> <!-- com.webtest.xingzheng.TestPart1_wupin -->
