<?xml version="1.0" encoding="UTF-8"?>
<!-- Generated by org.testng.reporters.JUnitReportReporter -->
<testsuite skipped="3" hostname="LAPTOP-U7EES6NV" name="com.webtest.personnel.personnal_files.File_Operation_Test" tests="3" failures="0" timestamp="12 十二月 2018 06:26:04 GMT" time="0.000" errors="0">
  <testcase name="testOperationDetails" time="0.000" classname="com.webtest.personnel.personnal_files.File_Operation_Test">
    <skipped/>
  </testcase> <!-- testOperationDetails -->
  <testcase name="testOperationComment" time="0.000" classname="com.webtest.personnel.personnal_files.File_Operation_Test">
    <skipped/>
  </testcase> <!-- testOperationComment -->
  <testcase name="testOperatioinAddremind" time="0.000" classname="com.webtest.personnel.personnal_files.File_Operation_Test">
    <skipped/>
  </testcase> <!-- testOperatioinAddremind -->
</testsuite> <!-- com.webtest.personnel.personnal_files.File_Operation_Test -->
