<?xml version="1.0" encoding="UTF-8"?>
<!-- Generated by org.testng.reporters.JUnitReportReporter -->
<testsuite skipped="2" hostname="LAPTOP-U7EES6NV" name="com.webtest.personnel.personnal_files.File_Output_Test" tests="2" failures="0" timestamp="12 十二月 2018 07:00:01 GMT" time="0.000" errors="0">
  <testcase name="testOutputAll" time="0.000" classname="com.webtest.personnel.personnal_files.File_Output_Test">
    <skipped/>
  </testcase> <!-- testOutputAll -->
  <testcase name="testOutputCurrent" time="0.000" classname="com.webtest.personnel.personnal_files.File_Output_Test">
    <skipped/>
  </testcase> <!-- testOutputCurrent -->
</testsuite> <!-- com.webtest.personnel.personnal_files.File_Output_Test -->
