<?xml version="1.0" encoding="UTF-8"?>
<!-- Generated by org.testng.reporters.JUnitReportReporter -->
<testsuite skipped="6" hostname="LAPTOP-U7EES6NV" name="com.webtest.liucheng.test2" tests="6" failures="0" timestamp="12 十二月 2018 06:26:04 GMT" time="0.000" errors="0">
  <testcase name="test5" time="0.000" classname="com.webtest.liucheng.test2">
    <skipped/>
  </testcase> <!-- test5 -->
  <testcase name="test2" time="0.000" classname="com.webtest.liucheng.test2">
    <skipped/>
  </testcase> <!-- test2 -->
  <testcase name="test1" time="0.000" classname="com.webtest.liucheng.test2">
    <skipped/>
  </testcase> <!-- test1 -->
  <testcase name="test3" time="0.000" classname="com.webtest.liucheng.test2">
    <skipped/>
  </testcase> <!-- test3 -->
  <testcase name="test4" time="0.000" classname="com.webtest.liucheng.test2">
    <skipped/>
  </testcase> <!-- test4 -->
  <testcase name="test6" time="0.000" classname="com.webtest.liucheng.test2">
    <skipped/>
  </testcase> <!-- test6 -->
</testsuite> <!-- com.webtest.liucheng.test2 -->
