<?xml version="1.0" encoding="UTF-8"?>
<!-- Generated by org.testng.reporters.JUnitReportReporter -->
<testsuite skipped="3" hostname="LAPTOP-U7EES6NV" name="com.webtest.xinhu_personal.AddrList" tests="3" failures="0" timestamp="12 十二月 2018 06:26:04 GMT" time="0.000" errors="0">
  <testcase name="addrList" time="0.000" classname="com.webtest.xinhu_personal.AddrList">
    <skipped/>
  </testcase> <!-- addrList -->
  <testcase name="searchList" time="0.000" classname="com.webtest.xinhu_personal.AddrList">
    <skipped/>
  </testcase> <!-- searchList -->
  <testcase name="login1" time="0.000" classname="com.webtest.xinhu_personal.AddrList">
    <skipped/>
  </testcase> <!-- login1 -->
</testsuite> <!-- com.webtest.xinhu_personal.AddrList -->
