<?xml version="1.0" encoding="UTF-8"?>
<!-- Generated by org.testng.reporters.JUnitReportReporter -->
<testsuite skipped="2" hostname="LAPTOP-U7EES6NV" name="com.webtest.xingzheng.TestPart2_zichan" tests="2" failures="0" timestamp="12 十二月 2018 07:09:27 GMT" time="0.000" errors="0">
  <testcase name="test_b1" time="0.000" classname="com.webtest.xingzheng.TestPart2_zichan">
    <skipped/>
  </testcase> <!-- test_b1 -->
  <testcase name="test_b2" time="0.000" classname="com.webtest.xingzheng.TestPart2_zichan">
    <skipped/>
  </testcase> <!-- test_b2 -->
</testsuite> <!-- com.webtest.xingzheng.TestPart2_zichan -->
