<?xml version="1.0" encoding="UTF-8"?>
<!-- Generated by org.testng.reporters.JUnitReportReporter -->
<testsuite skipped="4" hostname="LAPTOP-U7EES6NV" name="com.webtest.xinhu_personal.ReInfor" tests="4" failures="0" timestamp="12 十二月 2018 06:26:04 GMT" time="0.000" errors="0">
  <testcase name="reInfor1" time="0.000" classname="com.webtest.xinhu_personal.ReInfor">
    <skipped/>
  </testcase> <!-- reInfor1 -->
  <testcase name="enterInfor" time="0.000" classname="com.webtest.xinhu_personal.ReInfor">
    <skipped/>
  </testcase> <!-- enterInfor -->
  <testcase name="login3" time="0.000" classname="com.webtest.xinhu_personal.ReInfor">
    <skipped/>
  </testcase> <!-- login3 -->
  <testcase name="reInfor2" time="0.000" classname="com.webtest.xinhu_personal.ReInfor">
    <skipped/>
  </testcase> <!-- reInfor2 -->
</testsuite> <!-- com.webtest.xinhu_personal.ReInfor -->
