<?xml version="1.0" encoding="UTF-8"?>
<!-- Generated by org.testng.reporters.JUnitReportReporter -->
<testsuite skipped="1" hostname="LAPTOP-U7EES6NV" name="com.webtest.customer.test.NewSell_test" tests="1" failures="0" timestamp="12 十二月 2018 06:26:04 GMT" time="0.000" errors="0">
  <testcase name="addSell" time="0.000" classname="com.webtest.customer.test.NewSell_test">
    <skipped/>
  </testcase> <!-- addSell -->
</testsuite> <!-- com.webtest.customer.test.NewSell_test -->
